<?xml version="1.0" encoding="UTF-8"?>
<!-- Generated by org.testng.reporters.JUnitReportReporter -->
<testsuite hostname="LAPTOP-H7R7DK85" failures="0" tests="1" name="testScripts.TestCase3" time="46.294" errors="0" timestamp="2022-11-24T20:35:47 IST" skipped="0">
  <testcase classname="testScripts.TestCase3" name="thirdTest" time="46.294"/>
  <system-out/>
</testsuite> <!-- testScripts.TestCase3 -->
