<?xml version="1.0" encoding="UTF-8"?>
<!-- Generated by org.testng.reporters.JUnitReportReporter -->
<testsuite hostname="LAPTOP-H7R7DK85" failures="0" tests="1" name="testScripts.TestCase2" time="18.547" errors="0" timestamp="2022-11-24T19:56:09 IST" skipped="0">
  <testcase classname="testScripts.TestCase2" name="secondTest" time="18.547"/>
  <system-out/>
</testsuite> <!-- testScripts.TestCase2 -->
