<?xml version="1.0" encoding="UTF-8"?>
<!-- Generated by org.testng.reporters.JUnitReportReporter -->
<testsuite hostname="LAPTOP-H7R7DK85" failures="0" tests="1" name="testScripts.TestCase1" time="20.444" errors="0" timestamp="2022-11-24T19:26:36 IST" skipped="0">
  <testcase classname="testScripts.TestCase1" name="firstTest" time="20.444"/>
  <system-out/>
</testsuite> <!-- testScripts.TestCase1 -->
