<?xml version="1.0" encoding="UTF-8"?>
<!-- Generated by org.testng.reporters.JUnitReportReporter -->
<testsuite hostname="LAPTOP-H7R7DK85" failures="0" tests="1" name="testScripts.TestCase4" time="26.775" errors="0" timestamp="2022-11-24T20:56:36 IST" skipped="0">
  <testcase classname="testScripts.TestCase4" name="fourthTest" time="26.775"/>
  <system-out/>
</testsuite> <!-- testScripts.TestCase4 -->
